2021-09-15T21:10:12.293Z: Running in production mode.
2021-09-15T21:10:12.467Z: Running in production mode.
2021-09-15T21:10:12.475Z: Running in production mode.
2021-09-15T21:10:12.547Z: 35 code actions loaded.
2021-09-15T21:10:13.008Z: 35 code actions loaded.
2021-09-15T21:10:13.063Z: 35 code actions loaded.
2021-09-15T21:10:37.571Z: Syntax error in file file:///home/brettm/src/github.com/you-got-bud/receipt-printer/src/clients/apollo.ts (1:6).
2021-09-15T21:53:07.004Z: File now valid: file:///home/brettm/src/github.com/you-got-bud/receipt-printer/src/screens/Orders.tsx.
2021-09-15T21:59:12.767Z: File now valid: file:///home/brettm/src/github.com/you-got-bud/receipt-printer/src/clients/urql.ts.
2021-09-15T21:59:48.669Z: File now valid: file:///home/brettm/src/github.com/you-got-bud/receipt-printer/src/clients/urql.ts.
2021-09-15T21:59:58.835Z: File now valid: file:///home/brettm/src/github.com/you-got-bud/receipt-printer/src/clients/urql.ts.
2021-09-15T22:01:16.078Z: File now valid: file:///home/brettm/src/github.com/you-got-bud/receipt-printer/src/clients/urql.ts.
2021-09-15T22:10:05.379Z: File now valid: file:///home/brettm/src/github.com/you-got-bud/receipt-printer/src/screens/Orders.tsx.
2021-09-15T22:12:06.696Z: Syntax error in file file:///home/brettm/src/github.com/you-got-bud/receipt-printer/src/clients/urql.ts (72:8).
2021-09-15T22:12:10.188Z: File now valid: file:///home/brettm/src/github.com/you-got-bud/receipt-printer/src/clients/urql.ts.
2021-09-15T22:14:56.513Z: File now valid: file:///home/brettm/src/github.com/you-got-bud/receipt-printer/src/clients/urql.ts.
2021-09-15T22:24:05.379Z: File now valid: file:///home/brettm/src/github.com/you-got-bud/receipt-printer/src/screens/Orders.tsx.
2021-09-15T22:24:09.065Z: Syntax error in file file:///home/brettm/src/github.com/you-got-bud/receipt-printer/src/screens/Orders.tsx (25:18).
2021-09-15T22:24:11.898Z: Syntax error in file file:///home/brettm/src/github.com/you-got-bud/receipt-printer/src/screens/Orders.tsx (25:18).
2021-09-15T22:24:15.635Z: File now valid: file:///home/brettm/src/github.com/you-got-bud/receipt-printer/src/screens/Orders.tsx.
2021-09-15T22:24:23.526Z: File now valid: file:///home/brettm/src/github.com/you-got-bud/receipt-printer/src/screens/Orders.tsx.
2021-09-15T22:32:28.336Z: File now valid: file:///home/brettm/src/github.com/you-got-bud/receipt-printer/src/screens/Orders.tsx.
2021-09-15T22:32:35.175Z: Syntax error in file file:///home/brettm/src/github.com/you-got-bud/receipt-printer/src/screens/Orders.tsx (13:3).
2021-09-15T22:32:39.427Z: File now valid: file:///home/brettm/src/github.com/you-got-bud/receipt-printer/src/screens/Orders.tsx.
2021-09-15T22:36:19.649Z: Syntax error in file file:///home/brettm/src/github.com/you-got-bud/receipt-printer/src/clients/urql.ts (23:0).
2021-09-15T22:36:24.379Z: File now valid: file:///home/brettm/src/github.com/you-got-bud/receipt-printer/src/clients/urql.ts.
2021-09-15T22:36:27.750Z: Syntax error in file file:///home/brettm/src/github.com/you-got-bud/receipt-printer/src/clients/urql.ts (25:2).
2021-09-15T22:36:32.839Z: File now valid: file:///home/brettm/src/github.com/you-got-bud/receipt-printer/src/clients/urql.ts.
2021-09-15T22:36:35.941Z: File now valid: file:///home/brettm/src/github.com/you-got-bud/receipt-printer/src/clients/urql.ts.
2021-09-15T22:36:55.563Z: File now valid: file:///home/brettm/src/github.com/you-got-bud/receipt-printer/src/clients/urql.ts.
2021-09-15T22:37:03.525Z: File now valid: file:///home/brettm/src/github.com/you-got-bud/receipt-printer/src/clients/urql.ts.
2021-09-15T22:37:27.589Z: Syntax error in file file:///home/brettm/src/github.com/you-got-bud/receipt-printer/src/clients/urql.ts (29:6).
2021-09-15T22:37:30.056Z: File now valid: file:///home/brettm/src/github.com/you-got-bud/receipt-printer/src/clients/urql.ts.
2021-09-15T22:41:35.911Z: Syntax error in file file:///home/brettm/src/github.com/you-got-bud/receipt-printer/src/clients/urql.ts (29:6).
2021-09-15T22:41:39.281Z: File now valid: file:///home/brettm/src/github.com/you-got-bud/receipt-printer/src/clients/urql.ts.
2021-09-15T22:46:50.293Z: File now valid: file:///home/brettm/src/github.com/you-got-bud/receipt-printer/src/screens/Orders.tsx.
2021-09-15T22:48:04.672Z: File now valid: file:///home/brettm/src/github.com/you-got-bud/receipt-printer/src/screens/Orders.tsx.
2021-09-15T22:50:32.568Z: Syntax error in file file:///home/brettm/src/github.com/you-got-bud/receipt-printer/src/clients/urql.ts (106:41).
2021-09-15T22:50:36.245Z: File now valid: file:///home/brettm/src/github.com/you-got-bud/receipt-printer/src/clients/urql.ts.
2021-09-15T22:50:39.062Z: File now valid: file:///home/brettm/src/github.com/you-got-bud/receipt-printer/src/clients/urql.ts.
2021-09-15T22:50:42.595Z: Syntax error in file file:///home/brettm/src/github.com/you-got-bud/receipt-printer/src/clients/urql.ts (107:30).
2021-09-15T22:50:48.282Z: File now valid: file:///home/brettm/src/github.com/you-got-bud/receipt-printer/src/clients/urql.ts.
2021-09-15T22:51:49.243Z: Syntax error in file file:///home/brettm/src/github.com/you-got-bud/receipt-printer/src/screens/Orders.tsx (25:3).
2021-09-15T22:51:52.969Z: File now valid: file:///home/brettm/src/github.com/you-got-bud/receipt-printer/src/screens/Orders.tsx.
2021-09-15T22:53:30.589Z: Syntax error in file file:///home/brettm/src/github.com/you-got-bud/receipt-printer/src/screens/Orders.tsx (11:26).
2021-09-15T22:53:33.507Z: File now valid: file:///home/brettm/src/github.com/you-got-bud/receipt-printer/src/screens/Orders.tsx.
2021-09-15T22:55:25.482Z: File now valid: file:///home/brettm/src/github.com/you-got-bud/receipt-printer/src/screens/Orders.tsx.
2021-09-15T22:55:29.849Z: File now valid: file:///home/brettm/src/github.com/you-got-bud/receipt-printer/src/screens/Orders.tsx.
2021-09-15T22:55:39.079Z: File now valid: file:///home/brettm/src/github.com/you-got-bud/receipt-printer/src/screens/Orders.tsx.
2021-09-15T22:55:44.169Z: File now valid: file:///home/brettm/src/github.com/you-got-bud/receipt-printer/src/screens/Orders.tsx.
2021-09-15T22:55:50.324Z: Syntax error in file file:///home/brettm/src/github.com/you-got-bud/receipt-printer/src/screens/Orders.tsx (24:7).
2021-09-15T22:55:52.495Z: File now valid: file:///home/brettm/src/github.com/you-got-bud/receipt-printer/src/screens/Orders.tsx.
2021-09-15T22:55:56.163Z: Syntax error in file file:///home/brettm/src/github.com/you-got-bud/receipt-printer/src/screens/Orders.tsx (25:4).
2021-09-15T22:56:38.332Z: File now valid: file:///home/brettm/src/github.com/you-got-bud/receipt-printer/src/screens/Orders.tsx.
2021-09-15T22:56:43.001Z: File now valid: file:///home/brettm/src/github.com/you-got-bud/receipt-printer/src/screens/Orders.tsx.
2021-09-15T22:56:44.978Z: Syntax error in file file:///home/brettm/src/github.com/you-got-bud/receipt-printer/src/screens/Orders.tsx (25:46).
2021-09-15T22:56:51.634Z: Syntax error in file file:///home/brettm/src/github.com/you-got-bud/receipt-printer/src/screens/Orders.tsx (25:67).
2021-09-15T22:57:55.201Z: File now valid: file:///home/brettm/src/github.com/you-got-bud/receipt-printer/src/screens/Orders.tsx.
2021-09-15T22:58:31.335Z: File now valid: file:///home/brettm/src/github.com/you-got-bud/receipt-printer/src/screens/Orders.tsx.
2021-09-15T23:02:16.214Z: Syntax error in file file:///home/brettm/src/github.com/you-got-bud/receipt-printer/src/providers/apollo.tsx (33:41).
2021-09-15T23:02:17.910Z: Syntax error in file file:///home/brettm/src/github.com/you-got-bud/receipt-printer/src/providers/apollo.tsx (33:44).
2021-09-15T23:02:22.295Z: Syntax error in file file:///home/brettm/src/github.com/you-got-bud/receipt-printer/src/providers/apollo.tsx (33:37).
2021-09-15T23:02:24.023Z: File now valid: file:///home/brettm/src/github.com/you-got-bud/receipt-printer/src/providers/apollo.tsx.
2021-09-15T23:04:53.017Z: Syntax error in file file:///home/brettm/src/github.com/you-got-bud/receipt-printer/src/providers/auth.ts (29:10).
2021-09-15T23:04:58.364Z: File now valid: file:///home/brettm/src/github.com/you-got-bud/receipt-printer/src/providers/auth.ts.
2021-09-15T23:05:49.622Z: Syntax error in file file:///home/brettm/src/github.com/you-got-bud/receipt-printer/src/providers/auth.ts (73:66).
2021-09-15T23:05:51.451Z: File now valid: file:///home/brettm/src/github.com/you-got-bud/receipt-printer/src/providers/auth.ts.
2021-09-15T23:06:10.549Z: Syntax error in file file:///home/brettm/src/github.com/you-got-bud/receipt-printer/src/providers/auth.ts (127:4).
2021-09-15T23:06:12.385Z: Syntax error in file file:///home/brettm/src/github.com/you-got-bud/receipt-printer/src/providers/auth.ts (127:4).
2021-09-15T23:06:20.777Z: Syntax error in file file:///home/brettm/src/github.com/you-got-bud/receipt-printer/src/providers/auth.ts (127:4).
2021-09-15T23:06:22.902Z: Syntax error in file file:///home/brettm/src/github.com/you-got-bud/receipt-printer/src/providers/auth.ts (127:4).
2021-09-15T23:06:26.222Z: Syntax error in file file:///home/brettm/src/github.com/you-got-bud/receipt-printer/src/providers/auth.ts (128:4).
2021-09-15T23:06:33.529Z: File now valid: file:///home/brettm/src/github.com/you-got-bud/receipt-printer/src/providers/auth.ts.
2021-09-15T23:06:35.839Z: Syntax error in file file:///home/brettm/src/github.com/you-got-bud/receipt-printer/src/providers/auth.ts (73:66).
2021-09-15T23:06:37.411Z: File now valid: file:///home/brettm/src/github.com/you-got-bud/receipt-printer/src/providers/auth.ts.
2021-09-15T23:07:25.433Z: File now valid: file:///home/brettm/src/github.com/you-got-bud/receipt-printer/src/providers/auth.ts.
