Initializing document watcher...
last-survivor/solution.ts: {}
last-survivor/solution.ts: {}
last-survivor/solution.ts: {}
last-survivor/solution.ts: {}
last-survivor/solution.ts: {}
last-survivor/solution.ts: Using EditorConfig core...
last-survivor/solution.ts: Using EditorConfig core...
last-survivor/solution.ts: {}
last-survivor/solution.ts: Using EditorConfig core...
last-survivor/solution.ts: {}
last-survivor/solution.ts: {}
last-survivor/solution.ts: Using EditorConfig core...
last-survivor/solution.ts: Using EditorConfig core...
last-survivor/solution.ts: Using EditorConfig core...
last-survivor/tsconfig.json: {}
last-survivor/tsconfig.json: Using EditorConfig core...
last-survivor/solution.ts: {}
last-survivor/solution.ts: Using EditorConfig core...
last-survivor/solution.ts: Using EditorConfig core...
last-survivor/solution.ts: Using EditorConfig core...
last-survivor/solution.ts: Using EditorConfig core...
last-survivor/solution.ts: Using EditorConfig core...
last-survivor/solution.ts: Using EditorConfig core...
last-survivor/solution.ts: {}
last-survivor/solution.ts: Using EditorConfig core...
last-survivor/solution.ts: Using EditorConfig core...
last-survivor/solution.ts: {}
last-survivor/solution.ts: Using EditorConfig core...
last-survivor/solution.ts: {}
last-survivor/episode-2.ts: {}
last-survivor/episode-2.ts: {}
last-survivor/episode-2.ts: {}
last-survivor/episode-2.ts: {}
last-survivor/episode-2.ts: Using EditorConfig core...
last-survivor/episode-2.ts: Using EditorConfig core...
last-survivor/episode-2.ts: {}
last-survivor/episode-2.ts: {}
last-survivor/episode-2.ts: {}
last-survivor/episode-2.ts: {}
