Initializing document watcher...
receipt-printer/src/screens/SignIn.tsx: {}
receipt-printer/src/screens/Orders.tsx: {}
receipt-printer/src/screens/Orders.tsx: {}
receipt-printer/src/graphql/queries.ts: {}
receipt-printer/src/graphql/queries.ts: Using EditorConfig core...
receipt-printer/src/screens/Orders.tsx: {}
receipt-printer/src/generated/graphql.tsx: {}
receipt-printer/node_modules/urql/dist/types/hooks/useSubscription.d.ts: {}
receipt-printer/src/screens/Orders.tsx: {}
receipt-printer/src/screens/Orders.tsx: {}
receipt-printer/src/screens/Orders.tsx: {}
receipt-printer/src/screens/Orders.tsx: {}
receipt-printer/src/screens/Orders.tsx: {}
receipt-printer/src/screens/Orders.tsx: {}
receipt-printer/src/screens/Orders.tsx: {}
receipt-printer/src/screens/Orders.tsx: {}
receipt-printer/src/screens/Orders.tsx: {}
receipt-printer/src/screens/Orders.tsx: {}
receipt-printer/src/screens/Orders.tsx: {}
receipt-printer/src/screens/Orders.tsx: {}
receipt-printer/src/screens/Orders.tsx: {}
receipt-printer/src/screens/Orders.tsx: Using EditorConfig core...
receipt-printer/src/screens/Orders.tsx: Using EditorConfig core...
receipt-printer/src/screens/Orders.tsx: {}
receipt-printer/src/screens/Orders.tsx: {}
receipt-printer/src/screens/Orders.tsx: {}
receipt-printer/src/screens/Orders.tsx: {}
receipt-printer/src/screens/Orders.tsx: {}
receipt-printer/src/screens/Orders.tsx: {}
receipt-printer/src/screens/Orders.tsx: Using EditorConfig core...
receipt-printer/src/screens/Orders.tsx: {}
receipt-printer/src/screens/Orders.tsx: Using EditorConfig core...
receipt-printer/src/screens/Orders.tsx: {}
receipt-printer/src/screens/Orders.tsx: Using EditorConfig core...
receipt-printer/src/screens/Orders.tsx: Using EditorConfig core...
receipt-printer/src/screens/Orders.tsx: Using EditorConfig core...
receipt-printer/src/screens/Orders.tsx: {}
receipt-printer/src/screens/Orders.tsx: {}
receipt-printer/src/screens/Orders.tsx: Using EditorConfig core...
receipt-printer/node_modules/urql/dist/types/hooks/useSubscription.d.ts: {}
/home/brettm/.config/Code/User/keybindings.json: {}
receipt-printer/src/generated/graphql.tsx: {}
receipt-printer/src/screens/Orders.tsx: {}
receipt-printer/src/screens/Orders.tsx: Using EditorConfig core...
receipt-printer/src/screens/Orders.tsx: {}
receipt-printer/src/screens/Orders.tsx: Using EditorConfig core...
receipt-printer/src/screens/Orders.tsx: Using EditorConfig core...
receipt-printer/src/screens/Orders.tsx: Using EditorConfig core...
receipt-printer/src/screens/Orders.tsx: Using EditorConfig core...
receipt-printer/src/screens/Orders.tsx: {}
receipt-printer/src/screens/Orders.tsx: {}
receipt-printer/src/screens/Orders.tsx: Using EditorConfig core...
receipt-printer/src/screens/Orders.tsx: {}
receipt-printer/src/screens/Orders.tsx: {}
receipt-printer/src/screens/Orders.tsx: {}
receipt-printer/src/graphql/queries.ts: {}
receipt-printer/src/graphql/queries.ts: Using EditorConfig core...
receipt-printer/src/screens/Orders.tsx: {}
receipt-printer/src/screens/Orders.tsx: Using EditorConfig core...
receipt-printer/src/screens/Orders.tsx: Using EditorConfig core...
receipt-printer/.env: {}
receipt-printer/.vscode/tasks.json: {}
receipt-printer/.vscode/tasks.json: {}
receipt-printer/.env: {}
receipt-printer/src/screens/Loading.tsx: {}
receipt-printer/src/screens/Loading.tsx: {}
receipt-printer/src/screens/Loading.tsx: {}
receipt-printer/src/screens/Orders.tsx: {}
receipt-printer/src/screens/Orders.tsx: Using EditorConfig core...
receipt-printer/src/screens/Orders.tsx: Using EditorConfig core...
receipt-printer/src/screens/Orders.tsx: Using EditorConfig core...
receipt-printer/src/screens/Orders.tsx: Using EditorConfig core...
receipt-printer/src/screens/Orders.tsx: Using EditorConfig core...
receipt-printer/src/screens/Orders.tsx: Using EditorConfig core...
receipt-printer/src/screens/Orders.tsx: Using EditorConfig core...
receipt-printer/src/screens/Orders.tsx: Using EditorConfig core...
receipt-printer/src/screens/Orders.tsx: Using EditorConfig core...
receipt-printer/src/screens/Orders.tsx: {}
receipt-printer/src/screens/Orders.tsx: {}
receipt-printer/src/screens/Orders.tsx: {}
receipt-printer/src/screens/Orders.tsx: Using EditorConfig core...
receipt-printer/src/screens/Orders.tsx: {}
receipt-printer/src/screens/Orders.tsx: Using EditorConfig core...
receipt-printer/src/screens/Orders.tsx: Using EditorConfig core...
receipt-printer/src/screens/Orders.tsx: {}
receipt-printer/src/screens/Orders.tsx: {}
