Validating found git in: git
Using git 2.33.0 from git
> git rev-parse --git-dir
Open repository: /home/brettm/src/github.com/you-got-bud/receipt-printer
> git status -z -u
> git symbolic-ref --short HEAD
> git for-each-ref --format=%(refname)%00%(upstream:short)%00%(objectname)%00%(upstream:track) refs/heads/master refs/remotes/master
> git for-each-ref --sort -committerdate --format %(refname) %(objectname) %(*objectname)
> git remote --verbose
> git config --get commit.template
> git check-ignore -v -z --stdin
> git check-ignore -v -z --stdin
> git check-ignore -v -z --stdin
> git show --textconv :src/components/Card.tsx
> git ls-files --stage -- /home/brettm/src/github.com/you-got-bud/receipt-printer/src/components/Card.tsx
> git show --textconv :src/components/LocalWrapper.tsx
> git ls-files --stage -- /home/brettm/src/github.com/you-got-bud/receipt-printer/src/components/LocalWrapper.tsx
> git show --textconv :src/components/Card.tsx
> git ls-files --stage -- /home/brettm/src/github.com/you-got-bud/receipt-printer/src/components/Card.tsx
> git check-ignore -v -z --stdin
> git show --textconv :src/constants/auth.ts
> git ls-files --stage -- /home/brettm/src/github.com/you-got-bud/receipt-printer/src/constants/auth.ts
> git check-ignore -v -z --stdin
> git show --textconv :src/constants/hasura.ts
> git ls-files --stage -- /home/brettm/src/github.com/you-got-bud/receipt-printer/src/constants/hasura.ts
> git show --textconv :src/generated/graphql.tsx
> git ls-files --stage -- /home/brettm/src/github.com/you-got-bud/receipt-printer/src/generated/graphql.tsx
> git log --format=%H%n%aN%n%aE%n%at%n%ct%n%P%n%B -z -n21 -- /home/brettm/src/github.com/you-got-bud/receipt-printer/src/generated/graphql.tsx
> git show --textconv :app.config.js
> git ls-files --stage -- /home/brettm/src/github.com/you-got-bud/receipt-printer/app.config.js
> git show --textconv :App.tsx
> git ls-files --stage -- /home/brettm/src/github.com/you-got-bud/receipt-printer/App.tsx
> git cat-file -s 7aced7cd7da6899d13ee9f2ad7fe41a0e90c9ac9
> git show --textconv :app.config.js
> git ls-files --stage -- /home/brettm/src/github.com/you-got-bud/receipt-printer/app.config.js
> git show --textconv :app.json
> git ls-files --stage -- /home/brettm/src/github.com/you-got-bud/receipt-printer/app.json
> git cat-file -s 15cfedf92038098090da34752d691d60e9b734d3
> git check-ignore -v -z --stdin
> git status -z -u
> git symbolic-ref --short HEAD
> git for-each-ref --format=%(refname)%00%(upstream:short)%00%(objectname)%00%(upstream:track) refs/heads/master refs/remotes/master
> git for-each-ref --sort -committerdate --format %(refname) %(objectname) %(*objectname)
> git remote --verbose
> git config --get commit.template
> git status -z -u
> git symbolic-ref --short HEAD
> git for-each-ref --format=%(refname)%00%(upstream:short)%00%(objectname)%00%(upstream:track) refs/heads/master refs/remotes/master
> git for-each-ref --sort -committerdate --format %(refname) %(objectname) %(*objectname)
> git remote --verbose
> git config --get commit.template
> git status -z -u
> git symbolic-ref --short HEAD
> git for-each-ref --format=%(refname)%00%(upstream:short)%00%(objectname)%00%(upstream:track) refs/heads/master refs/remotes/master
> git for-each-ref --sort -committerdate --format %(refname) %(objectname) %(*objectname)
> git remote --verbose
> git config --get commit.template
> git check-ignore -v -z --stdin
> git config --local branch.master.github-pr-owner-number
> git config --local branch.master.github-pr-owner-number
> git show --textconv :src/components/Card.tsx
> git ls-files --stage -- /home/brettm/src/github.com/you-got-bud/receipt-printer/src/components/Card.tsx
> git config --local branch.master.github-pr-owner-number
Opening repository for path='/home/brettm/.config/Code/User/globalStorage/alefragnani.project-manager' failed; ex=Failed to execute git {
  "exitCode": 128,
  "gitErrorCode": "NotAGitRepository",
  "gitCommand": "rev-parse",
  "stdout": "",
  "stderr": "fatal: not a git repository (or any of the parent directories): .git\n"
}
> git config --local branch.master.github-pr-owner-number
Opening repository for path='/home/brettm/.config/Code/User/globalStorage/alefragnani.project-manager' failed; ex=Failed to execute git {
  "exitCode": 128,
  "gitErrorCode": "NotAGitRepository",
  "gitCommand": "rev-parse",
  "stdout": "",
  "stderr": "fatal: not a git repository (or any of the parent directories): .git\n"
}
