Validating found git in: git
Using git 2.33.0 from git
> git rev-parse --git-dir
Open repository: /home/brettm/src/github.com/you-got-bud/receipt-printer
> git status -z -u
> git symbolic-ref --short HEAD
> git for-each-ref --format=%(refname)%00%(upstream:short)%00%(objectname)%00%(upstream:track) refs/heads/master refs/remotes/master
> git for-each-ref --sort -committerdate --format %(refname) %(objectname) %(*objectname)
> git remote --verbose
> git config --get commit.template
Opening repository for path='/home/brettm/.config/Code/User/globalStorage/alefragnani.project-manager' failed; ex=Failed to execute git {
  "exitCode": 128,
  "gitErrorCode": "NotAGitRepository",
  "gitCommand": "rev-parse",
  "stdout": "",
  "stderr": "fatal: not a git repository (or any of the parent directories): .git\n"
}
> git check-ignore -v -z --stdin
> git config --local branch.master.github-pr-owner-number
Opening repository for path='/home/brettm/.config/Code/User/globalStorage/alefragnani.project-manager' failed; ex=Failed to execute git {
  "exitCode": 128,
  "gitErrorCode": "NotAGitRepository",
  "gitCommand": "rev-parse",
  "stdout": "",
  "stderr": "fatal: not a git repository (or any of the parent directories): .git\n"
}
> git check-ignore -v -z --stdin
Opening repository for path='/home/brettm/.config/Code - OSS/User' failed; ex=Failed to execute git {
  "exitCode": 128,
  "gitErrorCode": "NotAGitRepository",
  "gitCommand": "rev-parse",
  "stdout": "",
  "stderr": "fatal: not a git repository (or any of the parent directories): .git\n"
}
> git show --textconv :src/components/LocalWrapper.tsx
> git ls-files --stage -- /home/brettm/src/github.com/you-got-bud/receipt-printer/src/components/LocalWrapper.tsx
> git check-ignore -v -z --stdin
> git show --textconv :src/screens/MainStack.tsx
> git ls-files --stage -- /home/brettm/src/github.com/you-got-bud/receipt-printer/src/screens/MainStack.tsx
> git check-ignore -v -z --stdin
