[Info  - 09:28:28.131] Reading sessions from keychain...
[Info  - 09:28:28.155] Getting sessions for all scopes...
[Info  - 09:28:28.155] Getting sessions for all scopes...
[Trace  - 09:28:28.156] Token acquired from secret storage.
[Info  - 09:28:28.156] Got stored sessions!
[Trace  - 09:28:28.156] Read the following session from the keychain with the following scopes: user:email
[Info  - 09:28:28.156] Got 1 verified sessions.
[Info  - 09:28:28.156] Got 1 sessions for all scopes...
[Info  - 09:28:28.156] Got 1 sessions for all scopes...
[Info  - 09:33:59.44] Getting sessions for read:user,user:email,repo...
[Info  - 09:33:59.44] Got 0 sessions for read:user,repo,user:email...
[Info  - 09:34:23.517] Getting sessions for all scopes...
[Info  - 09:34:23.518] Got 1 sessions for all scopes...
[Info  - 09:34:32.394] Getting sessions for all scopes...
[Info  - 09:34:32.394] Got 1 sessions for all scopes...
[Info  - 09:34:33.362] Logging in for the following scopes: read:user user:email repo
[Trace  - 09:34:40.646] Handling Uri...
[Info  - 09:34:40.647] Exchanging code for token...
[Info  - 09:34:40.990] Token exchange success!
[Info  - 09:34:40.991] Getting user info...
[Info  - 09:34:41.262] Got account info!
[Info  - 09:34:41.263] Storing 2 sessions...
[Info  - 09:34:41.298] Reading sessions from keychain...
[Info  - 09:34:41.298] Stored 2 sessions!
[Info  - 09:34:41.299] Login success!
[Info  - 09:34:41.306] Getting sessions for all scopes...
[Info  - 09:34:41.307] Getting sessions for read:user,user:email,repo...
[Trace  - 09:34:41.308] Token acquired from secret storage.
[Info  - 09:34:41.308] Got stored sessions!
[Trace  - 09:34:41.308] Read the following session from the keychain with the following scopes: user:email
[Trace  - 09:34:41.308] Read the following session from the keychain with the following scopes: read:user,user:email,repo
[Info  - 09:34:41.308] Got 2 verified sessions.
[Info  - 09:34:41.308] Got 2 sessions for all scopes...
[Info  - 09:34:41.308] Got 1 sessions for read:user,repo,user:email...
[Info  - 09:34:43.769] Getting sessions for all scopes...
[Info  - 09:34:43.769] Got 2 sessions for all scopes...
[Info  - 09:34:57.631] Getting sessions for read:user...
[Info  - 09:34:57.631] Got 0 sessions for read:user...
[Info  - 09:35:06.310] Getting sessions for read:user...
[Info  - 09:35:06.310] Got 0 sessions for read:user...
[Info  - 09:35:07.714] Logging in for the following scopes: read:user
[Trace  - 09:35:14.45] Handling Uri...
[Info  - 09:35:14.45] Exchanging code for token...
[Info  - 09:35:14.309] Token exchange success!
[Info  - 09:35:14.310] Getting user info...
[Info  - 09:35:14.553] Got account info!
[Info  - 09:35:14.553] Storing 3 sessions...
[Info  - 09:35:14.583] Reading sessions from keychain...
[Info  - 09:35:14.583] Stored 3 sessions!
[Info  - 09:35:14.584] Login success!
[Trace  - 09:35:14.670] Token acquired from secret storage.
[Info  - 09:35:14.670] Got stored sessions!
[Trace  - 09:35:14.670] Read the following session from the keychain with the following scopes: user:email
[Trace  - 09:35:14.670] Read the following session from the keychain with the following scopes: read:user,user:email,repo
[Trace  - 09:35:14.671] Read the following session from the keychain with the following scopes: read:user
[Info  - 09:35:14.671] Got 3 verified sessions.
[Info  - 09:35:14.671] Getting sessions for all scopes...
[Info  - 09:35:14.671] Got 3 sessions for all scopes...
[Info  - 09:35:14.672] Getting sessions for read:user,user:email,repo...
[Info  - 09:35:14.673] Got 1 sessions for read:user,repo,user:email...
[Info  - 10:02:31.247] Getting sessions for gist,repo...
[Info  - 10:02:31.250] Got 0 sessions for gist,repo...
[Info  - 10:02:37.394] Getting sessions for gist,repo...
[Info  - 10:02:37.394] Got 0 sessions for gist,repo...
[Info  - 10:02:57.660] Logging in for the following scopes: gist repo
[Trace  - 10:03:13.644] Handling Uri...
[Info  - 10:03:13.644] Exchanging code for token...
[Info  - 10:03:14.5] Token exchange success!
[Info  - 10:03:14.6] Getting user info...
[Info  - 10:03:14.337] Got account info!
[Info  - 10:03:14.337] Storing 4 sessions...
[Info  - 10:03:14.369] Reading sessions from keychain...
[Info  - 10:03:14.369] Stored 4 sessions!
[Info  - 10:03:14.369] Login success!
[Trace  - 10:03:14.430] Token acquired from secret storage.
[Info  - 10:03:14.430] Got stored sessions!
[Trace  - 10:03:14.430] Read the following session from the keychain with the following scopes: user:email
[Trace  - 10:03:14.430] Read the following session from the keychain with the following scopes: read:user,user:email,repo
[Trace  - 10:03:14.430] Read the following session from the keychain with the following scopes: read:user
[Trace  - 10:03:14.430] Read the following session from the keychain with the following scopes: gist,repo
[Info  - 10:03:14.430] Got 4 verified sessions.
[Info  - 10:03:14.449] Getting sessions for all scopes...
[Info  - 10:03:14.449] Got 4 sessions for all scopes...
[Info  - 10:03:14.465] Getting sessions for read:user,user:email,repo...
[Info  - 10:03:14.465] Got 1 sessions for read:user,repo,user:email...
