[2021-09-15 17:10:09.319] [settingssync] [info] Using settings sync service https://vscode-sync.trafficmanager.net/
[2021-09-15 17:10:09.319] [settingssync] [info] Auto Sync is enabled.
[2021-09-15 17:10:09.319] [settingssync] [info] Auto Sync: Suspended until auth token is available.
[2021-09-15 17:10:18.410] [settingssync] [info] Auto Sync: Started
[2021-09-15 17:10:18.411] [settingssync] [info] Auto Sync: Triggered by Interval
[2021-09-15 17:10:18.793] [settingssync] [info] Settings: No changes found during synchronizing settings.
[2021-09-15 17:10:18.804] [settingssync] [info] Keybindings: No changes found during synchronizing keybindings.
[2021-09-15 17:10:18.807] [settingssync] [info] Snippets: No changes found during synchronizing snippets.
[2021-09-15 17:10:19.049] [settingssync] [info] GlobalState: Updated remote ui state
[2021-09-15 17:10:19.062] [settingssync] [info] GlobalState: Updated last synchronized ui state
[2021-09-15 17:10:19.248] [settingssync] [info] Extensions: No changes found during synchronizing extensions.
[2021-09-15 17:10:19.255] [settingssync] [info] Sync done. Took 534ms
[2021-09-15 17:10:39.296] [settingssync] [info] Auto Sync: Triggered by Activity
[2021-09-15 17:10:39.385] [settingssync] [info] Settings: No changes found during synchronizing settings.
[2021-09-15 17:10:39.425] [settingssync] [info] Keybindings: No changes found during synchronizing keybindings.
[2021-09-15 17:10:39.427] [settingssync] [info] Snippets: No changes found during synchronizing snippets.
[2021-09-15 17:10:39.447] [settingssync] [info] GlobalState: No changes found during synchronizing ui state.
[2021-09-15 17:10:39.537] [settingssync] [info] Extensions: No changes found during synchronizing extensions.
[2021-09-15 17:10:39.537] [settingssync] [info] Sync done. Took 172ms
[2021-09-15 17:15:39.543] [settingssync] [info] Auto Sync: Triggered by Interval
[2021-09-15 17:15:39.887] [settingssync] [info] Settings: No changes found during synchronizing settings.
[2021-09-15 17:15:39.894] [settingssync] [info] Keybindings: No changes found during synchronizing keybindings.
[2021-09-15 17:15:39.896] [settingssync] [info] Snippets: No changes found during synchronizing snippets.
[2021-09-15 17:15:39.904] [settingssync] [info] GlobalState: No changes found during synchronizing ui state.
[2021-09-15 17:15:39.996] [settingssync] [info] Extensions: No changes found during synchronizing extensions.
[2021-09-15 17:15:39.997] [settingssync] [info] Sync done. Took 199ms
[2021-09-15 17:20:40.003] [settingssync] [info] Auto Sync: Triggered by Interval
[2021-09-15 17:20:40.264] [settingssync] [info] Settings: No changes found during synchronizing settings.
[2021-09-15 17:20:40.276] [settingssync] [info] Keybindings: No changes found during synchronizing keybindings.
[2021-09-15 17:20:40.279] [settingssync] [info] Snippets: No changes found during synchronizing snippets.
[2021-09-15 17:20:40.300] [settingssync] [info] GlobalState: No changes found during synchronizing ui state.
[2021-09-15 17:20:40.369] [settingssync] [info] Extensions: No changes found during synchronizing extensions.
[2021-09-15 17:20:40.369] [settingssync] [info] Sync done. Took 165ms
[2021-09-15 17:20:51.847] [settingssync] [info] Auto Sync: Triggered by Activity
[2021-09-15 17:20:51.944] [settingssync] [info] Settings: No changes found during synchronizing settings.
[2021-09-15 17:20:51.950] [settingssync] [info] Keybindings: No changes found during synchronizing keybindings.
[2021-09-15 17:20:51.951] [settingssync] [info] Snippets: No changes found during synchronizing snippets.
[2021-09-15 17:20:51.961] [settingssync] [info] GlobalState: No changes found during synchronizing ui state.
[2021-09-15 17:20:52.025] [settingssync] [info] Extensions: No changes found during synchronizing extensions.
[2021-09-15 17:20:52.032] [settingssync] [info] Sync done. Took 104ms
[2021-09-15 17:25:52.034] [settingssync] [info] Auto Sync: Triggered by Interval
[2021-09-15 17:25:52.480] [settingssync] [info] Settings: No changes found during synchronizing settings.
[2021-09-15 17:25:52.487] [settingssync] [info] Keybindings: No changes found during synchronizing keybindings.
[2021-09-15 17:25:52.489] [settingssync] [info] Snippets: No changes found during synchronizing snippets.
[2021-09-15 17:25:52.499] [settingssync] [info] GlobalState: No changes found during synchronizing ui state.
[2021-09-15 17:25:52.568] [settingssync] [info] Extensions: No changes found during synchronizing extensions.
[2021-09-15 17:25:52.568] [settingssync] [info] Sync done. Took 166ms
[2021-09-15 17:30:52.570] [settingssync] [info] Auto Sync: Triggered by Interval
[2021-09-15 17:30:52.791] [settingssync] [info] Settings: No changes found during synchronizing settings.
[2021-09-15 17:30:52.802] [settingssync] [info] Keybindings: No changes found during synchronizing keybindings.
[2021-09-15 17:30:52.805] [settingssync] [info] Snippets: No changes found during synchronizing snippets.
[2021-09-15 17:30:52.826] [settingssync] [info] GlobalState: No changes found during synchronizing ui state.
[2021-09-15 17:30:52.929] [settingssync] [info] Extensions: No changes found during synchronizing extensions.
[2021-09-15 17:30:52.929] [settingssync] [info] Sync done. Took 163ms
[2021-09-15 17:35:52.931] [settingssync] [info] Auto Sync: Triggered by Interval
[2021-09-15 17:35:53.191] [settingssync] [info] Settings: No changes found during synchronizing settings.
[2021-09-15 17:35:53.201] [settingssync] [info] Keybindings: No changes found during synchronizing keybindings.
[2021-09-15 17:35:53.204] [settingssync] [info] Snippets: No changes found during synchronizing snippets.
[2021-09-15 17:35:53.224] [settingssync] [info] GlobalState: No changes found during synchronizing ui state.
[2021-09-15 17:35:53.302] [settingssync] [info] Extensions: No changes found during synchronizing extensions.
[2021-09-15 17:35:53.303] [settingssync] [info] Sync done. Took 170ms
[2021-09-15 17:40:53.305] [settingssync] [info] Auto Sync: Triggered by Interval
[2021-09-15 17:40:53.623] [settingssync] [info] Settings: No changes found during synchronizing settings.
[2021-09-15 17:40:53.634] [settingssync] [info] Keybindings: No changes found during synchronizing keybindings.
[2021-09-15 17:40:53.636] [settingssync] [info] Snippets: No changes found during synchronizing snippets.
[2021-09-15 17:40:53.656] [settingssync] [info] GlobalState: No changes found during synchronizing ui state.
[2021-09-15 17:40:53.720] [settingssync] [info] Extensions: No changes found during synchronizing extensions.
[2021-09-15 17:40:53.720] [settingssync] [info] Sync done. Took 156ms
[2021-09-15 17:45:53.723] [settingssync] [info] Auto Sync: Triggered by Interval
[2021-09-15 17:45:53.959] [settingssync] [info] Settings: No changes found during synchronizing settings.
[2021-09-15 17:45:53.968] [settingssync] [info] Keybindings: No changes found during synchronizing keybindings.
[2021-09-15 17:45:53.971] [settingssync] [info] Snippets: No changes found during synchronizing snippets.
[2021-09-15 17:45:53.991] [settingssync] [info] GlobalState: No changes found during synchronizing ui state.
[2021-09-15 17:45:54.084] [settingssync] [info] Extensions: No changes found during synchronizing extensions.
[2021-09-15 17:45:54.085] [settingssync] [info] Sync done. Took 146ms
[2021-09-15 17:50:54.086] [settingssync] [info] Auto Sync: Triggered by Interval
[2021-09-15 17:50:54.353] [settingssync] [info] Settings: No changes found during synchronizing settings.
[2021-09-15 17:50:54.361] [settingssync] [info] Keybindings: No changes found during synchronizing keybindings.
[2021-09-15 17:50:54.364] [settingssync] [info] Snippets: No changes found during synchronizing snippets.
[2021-09-15 17:50:54.383] [settingssync] [info] GlobalState: No changes found during synchronizing ui state.
[2021-09-15 17:50:54.447] [settingssync] [info] Extensions: No changes found during synchronizing extensions.
[2021-09-15 17:50:54.448] [settingssync] [info] Sync done. Took 153ms
[2021-09-15 17:52:38.797] [settingssync] [info] Auto Sync: Triggered by Activity
[2021-09-15 17:52:38.885] [settingssync] [info] Settings: No changes found during synchronizing settings.
[2021-09-15 17:52:38.888] [settingssync] [info] Keybindings: No changes found during synchronizing keybindings.
[2021-09-15 17:52:38.889] [settingssync] [info] Snippets: No changes found during synchronizing snippets.
[2021-09-15 17:52:38.900] [settingssync] [info] GlobalState: No changes found during synchronizing ui state.
[2021-09-15 17:52:38.962] [settingssync] [info] Extensions: No changes found during synchronizing extensions.
[2021-09-15 17:52:38.964] [settingssync] [info] Sync done. Took 91ms
[2021-09-15 17:54:05.017] [settingssync] [info] Auto Sync: Triggered by Activity
[2021-09-15 17:54:05.173] [settingssync] [info] Settings: No changes found during synchronizing settings.
[2021-09-15 17:54:05.204] [settingssync] [info] Keybindings: No changes found during synchronizing keybindings.
[2021-09-15 17:54:05.213] [settingssync] [info] Snippets: No changes found during synchronizing snippets.
[2021-09-15 17:54:05.229] [settingssync] [info] GlobalState: No changes found during synchronizing ui state.
[2021-09-15 17:54:05.373] [settingssync] [info] Extensions: No changes found during synchronizing extensions.
[2021-09-15 17:54:05.378] [settingssync] [info] Sync done. Took 276ms
[2021-09-15 17:56:23.841] [settingssync] [info] Auto Sync: Triggered by Activity
[2021-09-15 17:56:24.121] [settingssync] [info] Settings: No changes found during synchronizing settings.
[2021-09-15 17:56:24.127] [settingssync] [info] Keybindings: No changes found during synchronizing keybindings.
[2021-09-15 17:56:24.128] [settingssync] [info] Snippets: No changes found during synchronizing snippets.
[2021-09-15 17:56:24.141] [settingssync] [info] GlobalState: No changes found during synchronizing ui state.
[2021-09-15 17:56:24.211] [settingssync] [info] Extensions: No changes found during synchronizing extensions.
[2021-09-15 17:56:24.214] [settingssync] [info] Sync done. Took 170ms
[2021-09-15 17:57:19.969] [settingssync] [info] Auto Sync: Triggered by Activity
[2021-09-15 17:57:20.123] [settingssync] [info] Settings: No changes found during synchronizing settings.
[2021-09-15 17:57:20.133] [settingssync] [info] Keybindings: No changes found during synchronizing keybindings.
[2021-09-15 17:57:20.134] [settingssync] [info] Snippets: No changes found during synchronizing snippets.
[2021-09-15 17:57:20.141] [settingssync] [info] GlobalState: No changes found during synchronizing ui state.
[2021-09-15 17:57:20.222] [settingssync] [info] Extensions: No changes found during synchronizing extensions.
[2021-09-15 17:57:20.223] [settingssync] [info] Sync done. Took 178ms
[2021-09-15 17:57:48.685] [settingssync] [info] Auto Sync: Triggered by Activity
[2021-09-15 17:57:48.772] [settingssync] [info] Settings: No changes found during synchronizing settings.
[2021-09-15 17:57:48.780] [settingssync] [info] Keybindings: No changes found during synchronizing keybindings.
[2021-09-15 17:57:48.781] [settingssync] [info] Snippets: No changes found during synchronizing snippets.
[2021-09-15 17:57:48.788] [settingssync] [info] GlobalState: No changes found during synchronizing ui state.
[2021-09-15 17:57:48.877] [settingssync] [info] Extensions: No changes found during synchronizing extensions.
[2021-09-15 17:57:48.877] [settingssync] [info] Sync done. Took 119ms
[2021-09-15 18:01:31.711] [settingssync] [info] Auto Sync: Triggered by Activity
[2021-09-15 18:01:32.006] [settingssync] [info] Settings: No changes found during synchronizing settings.
[2021-09-15 18:01:32.015] [settingssync] [info] Keybindings: No changes found during synchronizing keybindings.
[2021-09-15 18:01:32.017] [settingssync] [info] Snippets: No changes found during synchronizing snippets.
[2021-09-15 18:01:32.026] [settingssync] [info] GlobalState: No changes found during synchronizing ui state.
[2021-09-15 18:01:32.115] [settingssync] [info] Extensions: No changes found during synchronizing extensions.
[2021-09-15 18:01:32.116] [settingssync] [info] Sync done. Took 183ms
[2021-09-15 18:01:43.641] [settingssync] [info] Auto Sync: Triggered by Activity
[2021-09-15 18:01:43.779] [settingssync] [info] Settings: No changes found during synchronizing settings.
[2021-09-15 18:01:43.795] [settingssync] [info] Keybindings: No changes found during synchronizing keybindings.
[2021-09-15 18:01:43.798] [settingssync] [info] Snippets: No changes found during synchronizing snippets.
[2021-09-15 18:01:44.003] [settingssync] [info] GlobalState: Updated remote ui state
[2021-09-15 18:01:44.012] [settingssync] [info] GlobalState: Updated last synchronized ui state
[2021-09-15 18:01:44.129] [settingssync] [info] Extensions: No changes found during synchronizing extensions.
[2021-09-15 18:01:44.132] [settingssync] [info] Sync done. Took 396ms
[2021-09-15 18:01:49.709] [settingssync] [info] Auto Sync: Triggered by Activity
[2021-09-15 18:01:49.802] [settingssync] [info] Settings: No changes found during synchronizing settings.
[2021-09-15 18:01:49.933] [settingssync] [info] Keybindings: No changes found during synchronizing keybindings.
[2021-09-15 18:01:49.936] [settingssync] [info] Snippets: No changes found during synchronizing snippets.
[2021-09-15 18:01:50.147] [settingssync] [info] GlobalState: Updated remote ui state
[2021-09-15 18:01:50.152] [settingssync] [info] GlobalState: Updated last synchronized ui state
[2021-09-15 18:01:50.361] [settingssync] [info] Extensions: No changes found during synchronizing extensions.
[2021-09-15 18:01:50.363] [settingssync] [info] Sync done. Took 574ms
[2021-09-15 18:01:56.342] [settingssync] [info] Auto Sync: Triggered by Activity
[2021-09-15 18:01:56.484] [settingssync] [info] Settings: No changes found during synchronizing settings.
[2021-09-15 18:01:56.517] [settingssync] [info] Keybindings: No changes found during synchronizing keybindings.
[2021-09-15 18:01:56.521] [settingssync] [info] Snippets: No changes found during synchronizing snippets.
[2021-09-15 18:01:56.721] [settingssync] [info] GlobalState: Updated remote ui state
[2021-09-15 18:01:56.729] [settingssync] [info] GlobalState: Updated last synchronized ui state
[2021-09-15 18:01:56.814] [settingssync] [info] Extensions: No changes found during synchronizing extensions.
[2021-09-15 18:01:56.814] [settingssync] [info] Sync done. Took 361ms
[2021-09-15 18:06:56.820] [settingssync] [info] Auto Sync: Triggered by Interval
[2021-09-15 18:06:57.061] [settingssync] [info] Settings: No changes found during synchronizing settings.
[2021-09-15 18:06:57.071] [settingssync] [info] Keybindings: No changes found during synchronizing keybindings.
[2021-09-15 18:06:57.074] [settingssync] [info] Snippets: No changes found during synchronizing snippets.
[2021-09-15 18:06:57.098] [settingssync] [info] GlobalState: No changes found during synchronizing ui state.
[2021-09-15 18:06:57.174] [settingssync] [info] Extensions: No changes found during synchronizing extensions.
[2021-09-15 18:06:57.177] [settingssync] [info] Sync done. Took 156ms
[2021-09-15 18:07:20.119] [settingssync] [info] Auto Sync: Triggered by Activity
[2021-09-15 18:07:20.251] [settingssync] [info] Settings: No changes found during synchronizing settings.
[2021-09-15 18:07:20.262] [settingssync] [info] Keybindings: No changes found during synchronizing keybindings.
[2021-09-15 18:07:20.264] [settingssync] [info] Snippets: No changes found during synchronizing snippets.
[2021-09-15 18:07:20.286] [settingssync] [info] GlobalState: No changes found during synchronizing ui state.
[2021-09-15 18:07:20.356] [settingssync] [info] Extensions: No changes found during synchronizing extensions.
[2021-09-15 18:07:20.356] [settingssync] [info] Sync done. Took 157ms
[2021-09-15 18:07:46.028] [settingssync] [info] Auto Sync: Triggered by Activity
[2021-09-15 18:07:46.121] [settingssync] [info] Settings: No changes found during synchronizing settings.
[2021-09-15 18:07:46.126] [settingssync] [info] Keybindings: No changes found during synchronizing keybindings.
[2021-09-15 18:07:46.128] [settingssync] [info] Snippets: No changes found during synchronizing snippets.
[2021-09-15 18:07:46.146] [settingssync] [info] GlobalState: No changes found during synchronizing ui state.
[2021-09-15 18:07:46.226] [settingssync] [info] Extensions: No changes found during synchronizing extensions.
[2021-09-15 18:07:46.227] [settingssync] [info] Sync done. Took 120ms
[2021-09-15 18:07:58.206] [settingssync] [info] Auto Sync: Triggered by Activity
[2021-09-15 18:07:58.292] [settingssync] [info] Settings: No changes found during synchronizing settings.
[2021-09-15 18:07:58.299] [settingssync] [info] Keybindings: No changes found during synchronizing keybindings.
[2021-09-15 18:07:58.301] [settingssync] [info] Snippets: No changes found during synchronizing snippets.
[2021-09-15 18:07:58.499] [settingssync] [info] GlobalState: Updated remote ui state
[2021-09-15 18:07:58.508] [settingssync] [info] GlobalState: Updated last synchronized ui state
[2021-09-15 18:07:58.637] [settingssync] [info] Extensions: No changes found during synchronizing extensions.
[2021-09-15 18:07:58.638] [settingssync] [info] Sync done. Took 363ms
[2021-09-15 18:08:10.635] [settingssync] [info] Auto Sync: Triggered by Activity
[2021-09-15 18:08:10.799] [settingssync] [info] Settings: No changes found during synchronizing settings.
[2021-09-15 18:08:10.811] [settingssync] [info] Keybindings: No changes found during synchronizing keybindings.
[2021-09-15 18:08:10.814] [settingssync] [info] Snippets: No changes found during synchronizing snippets.
[2021-09-15 18:08:10.836] [settingssync] [info] GlobalState: No changes found during synchronizing ui state.
[2021-09-15 18:08:10.901] [settingssync] [info] Extensions: No changes found during synchronizing extensions.
[2021-09-15 18:08:10.902] [settingssync] [info] Sync done. Took 159ms
[2021-09-15 18:09:29.432] [settingssync] [info] Auto Sync: Triggered by Activity
[2021-09-15 18:09:29.542] [settingssync] [info] Settings: No changes found during synchronizing settings.
[2021-09-15 18:09:29.553] [settingssync] [info] Keybindings: No changes found during synchronizing keybindings.
[2021-09-15 18:09:29.559] [settingssync] [info] Snippets: No changes found during synchronizing snippets.
[2021-09-15 18:09:29.582] [settingssync] [info] GlobalState: No changes found during synchronizing ui state.
[2021-09-15 18:09:29.657] [settingssync] [info] Extensions: No changes found during synchronizing extensions.
[2021-09-15 18:09:29.658] [settingssync] [info] Sync done. Took 142ms
[2021-09-15 18:09:54.640] [settingssync] [info] Auto Sync: Triggered by Activity
[2021-09-15 18:09:54.776] [settingssync] [info] Settings: No changes found during synchronizing settings.
[2021-09-15 18:09:54.788] [settingssync] [info] Keybindings: No changes found during synchronizing keybindings.
[2021-09-15 18:09:54.791] [settingssync] [info] Snippets: No changes found during synchronizing snippets.
[2021-09-15 18:09:54.814] [settingssync] [info] GlobalState: No changes found during synchronizing ui state.
[2021-09-15 18:09:54.879] [settingssync] [info] Extensions: No changes found during synchronizing extensions.
[2021-09-15 18:09:54.879] [settingssync] [info] Sync done. Took 164ms
[2021-09-15 18:12:36.908] [settingssync] [info] Auto Sync: Triggered by Activity
[2021-09-15 18:12:37.177] [settingssync] [info] Settings: No changes found during synchronizing settings.
[2021-09-15 18:12:37.189] [settingssync] [info] Keybindings: No changes found during synchronizing keybindings.
[2021-09-15 18:12:37.190] [settingssync] [info] Snippets: No changes found during synchronizing snippets.
[2021-09-15 18:12:37.195] [settingssync] [info] GlobalState: No changes found during synchronizing ui state.
[2021-09-15 18:12:37.286] [settingssync] [info] Extensions: No changes found during synchronizing extensions.
[2021-09-15 18:12:37.286] [settingssync] [info] Sync done. Took 155ms
[2021-09-15 18:13:24.669] [settingssync] [info] Auto Sync: Triggered by Activity
[2021-09-15 18:13:24.805] [settingssync] [info] Settings: No changes found during synchronizing settings.
[2021-09-15 18:13:24.819] [settingssync] [info] Keybindings: No changes found during synchronizing keybindings.
[2021-09-15 18:13:24.822] [settingssync] [info] Snippets: No changes found during synchronizing snippets.
[2021-09-15 18:13:24.846] [settingssync] [info] GlobalState: No changes found during synchronizing ui state.
[2021-09-15 18:13:24.918] [settingssync] [info] Extensions: No changes found during synchronizing extensions.
[2021-09-15 18:13:24.918] [settingssync] [info] Sync done. Took 171ms
[2021-09-15 18:14:04.064] [settingssync] [info] Auto Sync: Triggered by Activity
[2021-09-15 18:14:04.171] [settingssync] [info] Settings: No changes found during synchronizing settings.
[2021-09-15 18:14:04.177] [settingssync] [info] Keybindings: No changes found during synchronizing keybindings.
[2021-09-15 18:14:04.180] [settingssync] [info] Snippets: No changes found during synchronizing snippets.
[2021-09-15 18:14:04.200] [settingssync] [info] GlobalState: No changes found during synchronizing ui state.
[2021-09-15 18:14:04.278] [settingssync] [info] Extensions: No changes found during synchronizing extensions.
[2021-09-15 18:14:04.279] [settingssync] [info] Sync done. Took 128ms
[2021-09-15 18:14:51.432] [settingssync] [info] Auto Sync: Triggered by Activity
[2021-09-15 18:14:51.582] [settingssync] [info] Settings: No changes found during synchronizing settings.
[2021-09-15 18:14:51.594] [settingssync] [info] Keybindings: No changes found during synchronizing keybindings.
[2021-09-15 18:14:51.597] [settingssync] [info] Snippets: No changes found during synchronizing snippets.
[2021-09-15 18:14:51.608] [settingssync] [info] GlobalState: No changes found during synchronizing ui state.
[2021-09-15 18:14:51.670] [settingssync] [info] Extensions: No changes found during synchronizing extensions.
[2021-09-15 18:14:51.671] [settingssync] [info] Sync done. Took 154ms
[2021-09-15 18:18:09.509] [settingssync] [info] Auto Sync: Triggered by Activity
[2021-09-15 18:18:09.796] [settingssync] [info] Settings: No changes found during synchronizing settings.
[2021-09-15 18:18:09.802] [settingssync] [info] Keybindings: No changes found during synchronizing keybindings.
[2021-09-15 18:18:09.803] [settingssync] [info] Snippets: No changes found during synchronizing snippets.
[2021-09-15 18:18:09.812] [settingssync] [info] GlobalState: No changes found during synchronizing ui state.
[2021-09-15 18:18:09.899] [settingssync] [info] Extensions: No changes found during synchronizing extensions.
[2021-09-15 18:18:09.900] [settingssync] [info] Sync done. Took 180ms
[2021-09-15 18:18:25.577] [settingssync] [info] Auto Sync: Triggered by Activity
[2021-09-15 18:18:25.714] [settingssync] [info] Settings: No changes found during synchronizing settings.
[2021-09-15 18:18:25.722] [settingssync] [info] Keybindings: No changes found during synchronizing keybindings.
[2021-09-15 18:18:25.724] [settingssync] [info] Snippets: No changes found during synchronizing snippets.
[2021-09-15 18:18:25.742] [settingssync] [info] GlobalState: No changes found during synchronizing ui state.
[2021-09-15 18:18:25.807] [settingssync] [info] Extensions: No changes found during synchronizing extensions.
[2021-09-15 18:18:25.807] [settingssync] [info] Sync done. Took 151ms
[2021-09-15 18:19:22.928] [settingssync] [info] Auto Sync: Triggered by Activity
[2021-09-15 18:19:23.070] [settingssync] [info] Settings: No changes found during synchronizing settings.
[2021-09-15 18:19:23.152] [settingssync] [info] Keybindings: No changes found during synchronizing keybindings.
[2021-09-15 18:19:23.154] [settingssync] [info] Snippets: No changes found during synchronizing snippets.
[2021-09-15 18:19:23.162] [settingssync] [info] GlobalState: No changes found during synchronizing ui state.
[2021-09-15 18:19:23.227] [settingssync] [info] Extensions: No changes found during synchronizing extensions.
[2021-09-15 18:19:23.230] [settingssync] [info] Sync done. Took 169ms
[2021-09-15 18:20:48.115] [settingssync] [info] Auto Sync: Triggered by Activity
[2021-09-15 18:20:48.248] [settingssync] [info] Settings: No changes found during synchronizing settings.
[2021-09-15 18:20:48.262] [settingssync] [info] Keybindings: No changes found during synchronizing keybindings.
[2021-09-15 18:20:48.264] [settingssync] [info] Snippets: No changes found during synchronizing snippets.
[2021-09-15 18:20:48.281] [settingssync] [info] GlobalState: No changes found during synchronizing ui state.
[2021-09-15 18:20:48.368] [settingssync] [info] Extensions: No changes found during synchronizing extensions.
[2021-09-15 18:20:48.369] [settingssync] [info] Sync done. Took 164ms
[2021-09-15 18:21:02.026] [settingssync] [info] Auto Sync: Triggered by Activity
[2021-09-15 18:21:02.171] [settingssync] [info] Settings: No changes found during synchronizing settings.
[2021-09-15 18:21:02.195] [settingssync] [info] Keybindings: No changes found during synchronizing keybindings.
[2021-09-15 18:21:02.196] [settingssync] [info] Snippets: No changes found during synchronizing snippets.
[2021-09-15 18:21:02.434] [settingssync] [info] GlobalState: Updated remote ui state
[2021-09-15 18:21:02.442] [settingssync] [info] GlobalState: Updated last synchronized ui state
[2021-09-15 18:21:02.556] [settingssync] [info] Extensions: No changes found during synchronizing extensions.
[2021-09-15 18:21:02.557] [settingssync] [info] Sync done. Took 457ms
[2021-09-15 18:26:02.560] [settingssync] [info] Auto Sync: Triggered by Interval
[2021-09-15 18:26:03.113] [settingssync] [info] Settings: No changes found during synchronizing settings.
[2021-09-15 18:26:03.123] [settingssync] [info] Keybindings: No changes found during synchronizing keybindings.
[2021-09-15 18:26:03.125] [settingssync] [info] Snippets: No changes found during synchronizing snippets.
[2021-09-15 18:26:03.135] [settingssync] [info] GlobalState: No changes found during synchronizing ui state.
[2021-09-15 18:26:03.237] [settingssync] [info] Extensions: No changes found during synchronizing extensions.
[2021-09-15 18:26:03.238] [settingssync] [info] Sync done. Took 179ms
[2021-09-15 18:31:03.239] [settingssync] [info] Auto Sync: Triggered by Interval
[2021-09-15 18:31:03.572] [settingssync] [info] Settings: No changes found during synchronizing settings.
[2021-09-15 18:31:03.584] [settingssync] [info] Keybindings: No changes found during synchronizing keybindings.
[2021-09-15 18:31:03.587] [settingssync] [info] Snippets: No changes found during synchronizing snippets.
[2021-09-15 18:31:03.604] [settingssync] [info] GlobalState: No changes found during synchronizing ui state.
[2021-09-15 18:31:03.683] [settingssync] [info] Extensions: No changes found during synchronizing extensions.
[2021-09-15 18:31:03.684] [settingssync] [info] Sync done. Took 182ms
[2021-09-15 18:31:38.114] [settingssync] [info] Auto Sync: Triggered by Activity
[2021-09-15 18:31:38.255] [settingssync] [info] Settings: No changes found during synchronizing settings.
[2021-09-15 18:31:38.260] [settingssync] [info] Keybindings: No changes found during synchronizing keybindings.
[2021-09-15 18:31:38.261] [settingssync] [info] Snippets: No changes found during synchronizing snippets.
[2021-09-15 18:31:38.268] [settingssync] [info] GlobalState: No changes found during synchronizing ui state.
[2021-09-15 18:31:38.332] [settingssync] [info] Extensions: No changes found during synchronizing extensions.
[2021-09-15 18:31:38.333] [settingssync] [info] Sync done. Took 141ms
[2021-09-15 18:36:03.508] [settingssync] [info] Auto Sync: Triggered by Activity
[2021-09-15 18:36:03.806] [settingssync] [info] Settings: No changes found during synchronizing settings.
[2021-09-15 18:36:03.812] [settingssync] [info] Keybindings: No changes found during synchronizing keybindings.
[2021-09-15 18:36:03.814] [settingssync] [info] Snippets: No changes found during synchronizing snippets.
[2021-09-15 18:36:03.823] [settingssync] [info] GlobalState: No changes found during synchronizing ui state.
[2021-09-15 18:36:03.898] [settingssync] [info] Extensions: No changes found during synchronizing extensions.
[2021-09-15 18:36:03.898] [settingssync] [info] Sync done. Took 165ms
[2021-09-15 18:36:15.084] [settingssync] [info] Auto Sync: Triggered by Activity
[2021-09-15 18:36:15.187] [settingssync] [info] Settings: No changes found during synchronizing settings.
[2021-09-15 18:36:15.195] [settingssync] [info] Keybindings: No changes found during synchronizing keybindings.
[2021-09-15 18:36:15.197] [settingssync] [info] Snippets: No changes found during synchronizing snippets.
[2021-09-15 18:36:15.209] [settingssync] [info] GlobalState: No changes found during synchronizing ui state.
[2021-09-15 18:36:15.304] [settingssync] [info] Extensions: No changes found during synchronizing extensions.
[2021-09-15 18:36:15.304] [settingssync] [info] Sync done. Took 137ms
[2021-09-15 18:36:30.221] [settingssync] [info] Auto Sync: Triggered by Activity
[2021-09-15 18:36:30.366] [settingssync] [info] Settings: No changes found during synchronizing settings.
[2021-09-15 18:36:30.377] [settingssync] [info] Keybindings: No changes found during synchronizing keybindings.
[2021-09-15 18:36:30.378] [settingssync] [info] Snippets: No changes found during synchronizing snippets.
[2021-09-15 18:36:30.387] [settingssync] [info] GlobalState: No changes found during synchronizing ui state.
[2021-09-15 18:36:30.483] [settingssync] [info] Extensions: No changes found during synchronizing extensions.
[2021-09-15 18:36:30.484] [settingssync] [info] Sync done. Took 179ms
[2021-09-15 18:36:45.796] [settingssync] [info] Auto Sync: Triggered by Activity
[2021-09-15 18:36:45.971] [settingssync] [info] Settings: No changes found during synchronizing settings.
[2021-09-15 18:36:45.980] [settingssync] [info] Keybindings: No changes found during synchronizing keybindings.
[2021-09-15 18:36:45.984] [settingssync] [info] Snippets: No changes found during synchronizing snippets.
[2021-09-15 18:36:45.994] [settingssync] [info] GlobalState: No changes found during synchronizing ui state.
[2021-09-15 18:36:46.084] [settingssync] [info] Extensions: No changes found during synchronizing extensions.
[2021-09-15 18:36:46.085] [settingssync] [info] Sync done. Took 149ms
[2021-09-15 18:37:00.686] [settingssync] [info] Auto Sync: Triggered by Activity
[2021-09-15 18:37:00.856] [settingssync] [info] Settings: No changes found during synchronizing settings.
[2021-09-15 18:37:00.864] [settingssync] [info] Keybindings: No changes found during synchronizing keybindings.
[2021-09-15 18:37:00.866] [settingssync] [info] Snippets: No changes found during synchronizing snippets.
[2021-09-15 18:37:00.877] [settingssync] [info] GlobalState: No changes found during synchronizing ui state.
[2021-09-15 18:37:00.944] [settingssync] [info] Extensions: No changes found during synchronizing extensions.
[2021-09-15 18:37:00.945] [settingssync] [info] Sync done. Took 136ms
[2021-09-15 18:37:25.957] [settingssync] [info] Auto Sync: Triggered by Activity
[2021-09-15 18:37:26.081] [settingssync] [info] Settings: No changes found during synchronizing settings.
[2021-09-15 18:37:26.089] [settingssync] [info] Keybindings: No changes found during synchronizing keybindings.
[2021-09-15 18:37:26.092] [settingssync] [info] Snippets: No changes found during synchronizing snippets.
[2021-09-15 18:37:26.101] [settingssync] [info] GlobalState: No changes found during synchronizing ui state.
[2021-09-15 18:37:26.175] [settingssync] [info] Extensions: No changes found during synchronizing extensions.
[2021-09-15 18:37:26.176] [settingssync] [info] Sync done. Took 142ms
[2021-09-15 18:41:00.282] [settingssync] [info] Auto Sync: Triggered by Activity
[2021-09-15 18:41:00.571] [settingssync] [info] Settings: No changes found during synchronizing settings.
[2021-09-15 18:41:00.580] [settingssync] [info] Keybindings: No changes found during synchronizing keybindings.
[2021-09-15 18:41:00.583] [settingssync] [info] Snippets: No changes found during synchronizing snippets.
[2021-09-15 18:41:00.590] [settingssync] [info] GlobalState: No changes found during synchronizing ui state.
[2021-09-15 18:41:00.655] [settingssync] [info] Extensions: No changes found during synchronizing extensions.
[2021-09-15 18:41:00.656] [settingssync] [info] Sync done. Took 156ms
[2021-09-15 18:41:24.896] [settingssync] [info] Auto Sync: Triggered by Activity
[2021-09-15 18:41:25.001] [settingssync] [info] Settings: No changes found during synchronizing settings.
[2021-09-15 18:41:25.009] [settingssync] [info] Keybindings: No changes found during synchronizing keybindings.
[2021-09-15 18:41:25.011] [settingssync] [info] Snippets: No changes found during synchronizing snippets.
[2021-09-15 18:41:25.022] [settingssync] [info] GlobalState: No changes found during synchronizing ui state.
[2021-09-15 18:41:25.104] [settingssync] [info] Extensions: No changes found during synchronizing extensions.
[2021-09-15 18:41:25.108] [settingssync] [info] Sync done. Took 128ms
[2021-09-15 18:46:25.114] [settingssync] [info] Auto Sync: Triggered by Interval
[2021-09-15 18:46:25.391] [settingssync] [info] Settings: No changes found during synchronizing settings.
[2021-09-15 18:46:25.398] [settingssync] [info] Keybindings: No changes found during synchronizing keybindings.
[2021-09-15 18:46:25.400] [settingssync] [info] Snippets: No changes found during synchronizing snippets.
[2021-09-15 18:46:25.411] [settingssync] [info] GlobalState: No changes found during synchronizing ui state.
[2021-09-15 18:46:25.476] [settingssync] [info] Extensions: No changes found during synchronizing extensions.
[2021-09-15 18:46:25.481] [settingssync] [info] Sync done. Took 160ms
[2021-09-15 18:47:58.292] [settingssync] [info] Auto Sync: Triggered by Activity
[2021-09-15 18:47:58.441] [settingssync] [info] Settings: No changes found during synchronizing settings.
[2021-09-15 18:47:58.448] [settingssync] [info] Keybindings: No changes found during synchronizing keybindings.
[2021-09-15 18:47:58.450] [settingssync] [info] Snippets: No changes found during synchronizing snippets.
[2021-09-15 18:47:58.464] [settingssync] [info] GlobalState: No changes found during synchronizing ui state.
[2021-09-15 18:47:58.576] [settingssync] [info] Extensions: No changes found during synchronizing extensions.
[2021-09-15 18:47:58.577] [settingssync] [info] Sync done. Took 204ms
[2021-09-15 18:49:10.872] [settingssync] [info] Auto Sync: Triggered by Activity
[2021-09-15 18:49:11.003] [settingssync] [info] Settings: No changes found during synchronizing settings.
[2021-09-15 18:49:11.014] [settingssync] [info] Keybindings: No changes found during synchronizing keybindings.
[2021-09-15 18:49:11.015] [settingssync] [info] Snippets: No changes found during synchronizing snippets.
[2021-09-15 18:49:11.024] [settingssync] [info] GlobalState: No changes found during synchronizing ui state.
[2021-09-15 18:49:11.093] [settingssync] [info] Extensions: No changes found during synchronizing extensions.
[2021-09-15 18:49:11.093] [settingssync] [info] Sync done. Took 144ms
[2021-09-15 18:49:21.626] [settingssync] [info] Auto Sync: Triggered by Activity
[2021-09-15 18:49:21.760] [settingssync] [info] Settings: No changes found during synchronizing settings.
[2021-09-15 18:49:21.767] [settingssync] [info] Keybindings: No changes found during synchronizing keybindings.
[2021-09-15 18:49:21.769] [settingssync] [info] Snippets: No changes found during synchronizing snippets.
[2021-09-15 18:49:21.788] [settingssync] [info] GlobalState: No changes found during synchronizing ui state.
[2021-09-15 18:49:21.897] [settingssync] [info] Extensions: No changes found during synchronizing extensions.
[2021-09-15 18:49:21.901] [settingssync] [info] Sync done. Took 161ms
[2021-09-15 18:49:33.265] [settingssync] [info] Auto Sync: Triggered by Activity
[2021-09-15 18:49:33.662] [settingssync] [info] Settings: No changes found during synchronizing settings.
[2021-09-15 18:49:33.670] [settingssync] [info] Keybindings: No changes found during synchronizing keybindings.
[2021-09-15 18:49:33.673] [settingssync] [info] Snippets: No changes found during synchronizing snippets.
[2021-09-15 18:49:33.686] [settingssync] [info] GlobalState: No changes found during synchronizing ui state.
[2021-09-15 18:49:33.772] [settingssync] [info] Extensions: No changes found during synchronizing extensions.
[2021-09-15 18:49:33.773] [settingssync] [info] Sync done. Took 173ms
[2021-09-15 18:49:53.859] [settingssync] [info] Auto Sync: Triggered by Activity
[2021-09-15 18:49:53.966] [settingssync] [info] Settings: No changes found during synchronizing settings.
[2021-09-15 18:49:53.974] [settingssync] [info] Keybindings: No changes found during synchronizing keybindings.
[2021-09-15 18:49:53.978] [settingssync] [info] Snippets: No changes found during synchronizing snippets.
[2021-09-15 18:49:53.998] [settingssync] [info] GlobalState: No changes found during synchronizing ui state.
[2021-09-15 18:49:54.094] [settingssync] [info] Extensions: No changes found during synchronizing extensions.
[2021-09-15 18:49:54.094] [settingssync] [info] Sync done. Took 152ms
[2021-09-15 18:50:19.899] [settingssync] [info] Auto Sync: Triggered by Activity
[2021-09-15 18:50:20.070] [settingssync] [info] Settings: No changes found during synchronizing settings.
[2021-09-15 18:50:20.074] [settingssync] [info] Keybindings: No changes found during synchronizing keybindings.
[2021-09-15 18:50:20.076] [settingssync] [info] Snippets: No changes found during synchronizing snippets.
[2021-09-15 18:50:20.082] [settingssync] [info] GlobalState: No changes found during synchronizing ui state.
[2021-09-15 18:50:20.160] [settingssync] [info] Extensions: No changes found during synchronizing extensions.
[2021-09-15 18:50:20.160] [settingssync] [info] Sync done. Took 167ms
[2021-09-15 18:50:36.053] [settingssync] [info] Auto Sync: Triggered by Activity
[2021-09-15 18:50:36.158] [settingssync] [info] Settings: No changes found during synchronizing settings.
[2021-09-15 18:50:36.165] [settingssync] [info] Keybindings: No changes found during synchronizing keybindings.
[2021-09-15 18:50:36.166] [settingssync] [info] Snippets: No changes found during synchronizing snippets.
[2021-09-15 18:50:36.176] [settingssync] [info] GlobalState: No changes found during synchronizing ui state.
[2021-09-15 18:50:36.252] [settingssync] [info] Extensions: No changes found during synchronizing extensions.
[2021-09-15 18:50:36.253] [settingssync] [info] Sync done. Took 123ms
[2021-09-15 18:50:47.923] [settingssync] [info] Auto Sync: Triggered by Activity
[2021-09-15 18:50:48.013] [settingssync] [info] Settings: No changes found during synchronizing settings.
[2021-09-15 18:50:48.018] [settingssync] [info] Keybindings: No changes found during synchronizing keybindings.
[2021-09-15 18:50:48.019] [settingssync] [info] Snippets: No changes found during synchronizing snippets.
[2021-09-15 18:50:48.029] [settingssync] [info] GlobalState: No changes found during synchronizing ui state.
[2021-09-15 18:50:48.092] [settingssync] [info] Extensions: No changes found during synchronizing extensions.
[2021-09-15 18:50:48.098] [settingssync] [info] Sync done. Took 93ms
[2021-09-15 18:53:27.979] [settingssync] [info] Auto Sync: Triggered by Activity
[2021-09-15 18:53:28.259] [settingssync] [info] Settings: No changes found during synchronizing settings.
[2021-09-15 18:53:28.264] [settingssync] [info] Keybindings: No changes found during synchronizing keybindings.
[2021-09-15 18:53:28.265] [settingssync] [info] Snippets: No changes found during synchronizing snippets.
[2021-09-15 18:53:28.277] [settingssync] [info] GlobalState: No changes found during synchronizing ui state.
[2021-09-15 18:53:28.346] [settingssync] [info] Extensions: No changes found during synchronizing extensions.
[2021-09-15 18:53:28.346] [settingssync] [info] Sync done. Took 134ms
[2021-09-15 18:55:18.234] [settingssync] [info] Auto Sync: Triggered by Activity
[2021-09-15 18:55:18.404] [settingssync] [info] Settings: No changes found during synchronizing settings.
[2021-09-15 18:55:18.413] [settingssync] [info] Keybindings: No changes found during synchronizing keybindings.
[2021-09-15 18:55:18.414] [settingssync] [info] Snippets: No changes found during synchronizing snippets.
[2021-09-15 18:55:18.429] [settingssync] [info] GlobalState: No changes found during synchronizing ui state.
[2021-09-15 18:55:18.512] [settingssync] [info] Extensions: No changes found during synchronizing extensions.
[2021-09-15 18:55:18.513] [settingssync] [info] Sync done. Took 191ms
[2021-09-15 18:55:38.394] [settingssync] [info] Auto Sync: Triggered by Activity
[2021-09-15 18:55:38.490] [settingssync] [info] Settings: No changes found during synchronizing settings.
[2021-09-15 18:55:38.501] [settingssync] [info] Keybindings: No changes found during synchronizing keybindings.
[2021-09-15 18:55:38.504] [settingssync] [info] Snippets: No changes found during synchronizing snippets.
[2021-09-15 18:55:38.522] [settingssync] [info] GlobalState: No changes found during synchronizing ui state.
[2021-09-15 18:55:38.633] [settingssync] [info] Extensions: No changes found during synchronizing extensions.
[2021-09-15 18:55:38.642] [settingssync] [info] Sync done. Took 171ms
[2021-09-15 18:55:52.276] [settingssync] [info] Auto Sync: Triggered by Activity
[2021-09-15 18:55:52.390] [settingssync] [info] Settings: No changes found during synchronizing settings.
[2021-09-15 18:55:52.424] [settingssync] [info] Keybindings: No changes found during synchronizing keybindings.
[2021-09-15 18:55:52.426] [settingssync] [info] Snippets: No changes found during synchronizing snippets.
[2021-09-15 18:55:52.437] [settingssync] [info] GlobalState: No changes found during synchronizing ui state.
[2021-09-15 18:55:52.510] [settingssync] [info] Extensions: No changes found during synchronizing extensions.
[2021-09-15 18:55:52.511] [settingssync] [info] Sync done. Took 163ms
[2021-09-15 18:56:28.475] [settingssync] [info] Auto Sync: Triggered by Activity
[2021-09-15 18:56:28.583] [settingssync] [info] Settings: No changes found during synchronizing settings.
[2021-09-15 18:56:28.589] [settingssync] [info] Keybindings: No changes found during synchronizing keybindings.
[2021-09-15 18:56:28.592] [settingssync] [info] Snippets: No changes found during synchronizing snippets.
[2021-09-15 18:56:28.611] [settingssync] [info] GlobalState: No changes found during synchronizing ui state.
[2021-09-15 18:56:28.686] [settingssync] [info] Extensions: No changes found during synchronizing extensions.
[2021-09-15 18:56:28.688] [settingssync] [info] Sync done. Took 127ms
[2021-09-15 18:56:42.029] [settingssync] [info] Auto Sync: Triggered by Activity
[2021-09-15 18:56:42.172] [settingssync] [info] Settings: No changes found during synchronizing settings.
[2021-09-15 18:56:42.178] [settingssync] [info] Keybindings: No changes found during synchronizing keybindings.
[2021-09-15 18:56:42.179] [settingssync] [info] Snippets: No changes found during synchronizing snippets.
[2021-09-15 18:56:42.189] [settingssync] [info] GlobalState: No changes found during synchronizing ui state.
[2021-09-15 18:56:42.267] [settingssync] [info] Extensions: No changes found during synchronizing extensions.
[2021-09-15 18:56:42.268] [settingssync] [info] Sync done. Took 161ms
[2021-09-15 18:57:53.374] [settingssync] [info] Auto Sync: Triggered by Activity
[2021-09-15 18:57:53.494] [settingssync] [info] Settings: No changes found during synchronizing settings.
[2021-09-15 18:57:53.502] [settingssync] [info] Keybindings: No changes found during synchronizing keybindings.
[2021-09-15 18:57:53.503] [settingssync] [info] Snippets: No changes found during synchronizing snippets.
[2021-09-15 18:57:53.513] [settingssync] [info] GlobalState: No changes found during synchronizing ui state.
[2021-09-15 18:57:53.594] [settingssync] [info] Extensions: No changes found during synchronizing extensions.
[2021-09-15 18:57:53.596] [settingssync] [info] Sync done. Took 147ms
[2021-09-15 18:59:25.898] [settingssync] [info] Auto Sync: Triggered by Activity
