Initializing document watcher...
receipt-printer/src/clients/apollo.ts: {}
receipt-printer/src/graphql/queries.ts: {}
receipt-printer/src/providers/auth.ts: {}
receipt-printer/src/providers/auth.ts: {}
receipt-printer/src/providers/auth.ts: {}
receipt-printer/src/clients/apollo.ts: {}
receipt-printer/src/screens/Orders.tsx: {}
receipt-printer/src/screens/Orders.tsx: Using EditorConfig core...
receipt-printer/src/screens/Orders.tsx: {}
receipt-printer/src/providers/auth.ts: {}
receipt-printer/src/graphql/queries.ts: {}
receipt-printer/src/graphql/queries.ts: Using EditorConfig core...
receipt-printer/src/graphql/queries.ts: {}
receipt-printer/src/graphql/queries.ts: Using EditorConfig core...
receipt-printer/src/graphql/queries.ts: {}
receipt-printer/src/graphql/queries.ts: {}
receipt-printer/src/graphql/queries.ts: {}
receipt-printer/src/screens/Orders.tsx: {}
receipt-printer/src/clients/urql.ts: {}
receipt-printer/src/clients/urql.ts: Using EditorConfig core...
receipt-printer/src/clients/urql.ts: {}
receipt-printer/src/graphql/queries.ts: {}
receipt-printer/src/graphql/queries.ts: Using EditorConfig core...
receipt-printer/src/graphql/queries.ts: Using EditorConfig core...
receipt-printer/src/graphql/queries.ts: Using EditorConfig core...
receipt-printer/src/clients/urql.ts: {}
receipt-printer/src/clients/urql.ts: Using EditorConfig core...
receipt-printer/src/graphql/queries.ts: {}
receipt-printer/src/screens/Orders.tsx: {}
receipt-printer/src/screens/Orders.tsx: Using EditorConfig core...
receipt-printer/src/clients/urql.ts: {}
receipt-printer/src/clients/urql.ts: Using EditorConfig core...
receipt-printer/src/clients/urql.ts: Using EditorConfig core...
receipt-printer/src/clients/urql.ts: Using EditorConfig core...
receipt-printer/src/clients/urql.ts: Using EditorConfig core...
receipt-printer/src/clients/urql.ts: Using EditorConfig core...
receipt-printer/src/clients/urql.ts: Using EditorConfig core...
receipt-printer/src/clients/urql.ts: {}
receipt-printer/src/clients/urql.ts: {}
receipt-printer/src/clients/urql.ts: {}
receipt-printer/src/clients/urql.ts: Using EditorConfig core...
receipt-printer/src/clients/urql.ts: Using EditorConfig core...
receipt-printer/src/clients/urql.ts: Using EditorConfig core...
receipt-printer/src/clients/urql.ts: {}
receipt-printer/src/clients/urql.ts: Using EditorConfig core...
receipt-printer/src/clients/urql.ts: {}
receipt-printer/src/clients/urql.ts: {}
receipt-printer/src/clients/urql.ts: {}
receipt-printer/src/screens/Orders.tsx: {}
receipt-printer/src/screens/Orders.tsx: Using EditorConfig core...
receipt-printer/src/screens/Orders.tsx: Using EditorConfig core...
receipt-printer/src/screens/Orders.tsx: {}
receipt-printer/src/clients/urql.ts: {}
receipt-printer/src/clients/urql.ts: {}
receipt-printer/src/clients/urql.ts: {}
receipt-printer/src/clients/urql.ts: {}
receipt-printer/src/screens/Orders.tsx: {}
receipt-printer/src/screens/Orders.tsx: Using EditorConfig core...
receipt-printer/src/screens/Orders.tsx: Using EditorConfig core...
receipt-printer/src/clients/urql.ts: {}
receipt-printer/src/clients/urql.ts: Using EditorConfig core...
receipt-printer/src/clients/urql.ts: {}
receipt-printer/src/clients/urql.ts: {}
receipt-printer/src/screens/Orders.tsx: {}
receipt-printer/src/screens/Orders.tsx: {}
receipt-printer/src/clients/urql.ts: {}
receipt-printer/src/clients/urql.ts: Using EditorConfig core...
receipt-printer/src/clients/urql.ts: {}
receipt-printer/src/clients/urql.ts: Using EditorConfig core...
receipt-printer/src/screens/Orders.tsx: {}
receipt-printer/src/screens/Orders.tsx: Using EditorConfig core...
receipt-printer/src/graphql/queries.ts: {}
receipt-printer/src/screens/Orders.tsx: {}
receipt-printer/src/clients/urql.ts: {}
receipt-printer/src/clients/urql.ts: Using EditorConfig core...
receipt-printer/src/clients/urql.ts: Using EditorConfig core...
receipt-printer/src/clients/urql.ts: Using EditorConfig core...
receipt-printer/src/clients/urql.ts: {}
receipt-printer/src/clients/urql.ts: Using EditorConfig core...
receipt-printer/src/clients/urql.ts: Using EditorConfig core...
receipt-printer/src/clients/urql.ts: Using EditorConfig core...
receipt-printer/src/clients/urql.ts: {}
receipt-printer/src/clients/urql.ts: {}
receipt-printer/src/clients/urql.ts: {}
receipt-printer/src/clients/urql.ts: {}
receipt-printer/src/screens/Orders.tsx: {}
receipt-printer/src/graphql/queries.ts: {}
receipt-printer/src/screens/Orders.tsx: {}
receipt-printer/src/screens/Orders.tsx: Using EditorConfig core...
receipt-printer/src/screens/Orders.tsx: Using EditorConfig core...
receipt-printer/src/generated/graphql.tsx: {}
receipt-printer/src/graphql/queries.ts: {}
receipt-printer/src/graphql/queries.ts: Using EditorConfig core...
receipt-printer/src/screens/Orders.tsx: {}
receipt-printer/src/screens/Orders.tsx: {}
receipt-printer/src/screens/Orders.tsx: Using EditorConfig core...
receipt-printer/src/graphql/queries.ts: {}
receipt-printer/src/graphql/queries.ts: Using EditorConfig core...
receipt-printer/src/screens/Orders.tsx: {}
receipt-printer/src/screens/Orders.tsx: Using EditorConfig core...
receipt-printer/src/screens/Orders.tsx: Using EditorConfig core...
receipt-printer/src/graphql/queries.ts: {}
receipt-printer/src/graphql/queries.ts: Using EditorConfig core...
receipt-printer/src/screens/Orders.tsx: {}
receipt-printer/src/screens/Orders.tsx: Using EditorConfig core...
receipt-printer/src/graphql/queries.ts: {}
receipt-printer/src/graphql/queries.ts: {}
receipt-printer/src/clients/urql.ts: {}
receipt-printer/src/clients/urql.ts: Using EditorConfig core...
receipt-printer/src/screens/Orders.tsx: {}
receipt-printer/src/graphql/queries.ts: {}
receipt-printer/src/graphql/queries.ts: Using EditorConfig core...
receipt-printer/src/screens/Orders.tsx: {}
receipt-printer/src/screens/Orders.tsx: {}
receipt-printer/src/screens/Orders.tsx: Using EditorConfig core...
receipt-printer/src/screens/Orders.tsx: Using EditorConfig core...
receipt-printer/src/screens/Orders.tsx: Using EditorConfig core...
receipt-printer/src/screens/Orders.tsx: Using EditorConfig core...
receipt-printer/src/clients/urql.ts: {}
receipt-printer/node_modules/@urql/core/dist/types/exchanges/subscription.d.ts: {}
receipt-printer/src/clients/urql.ts: {}
receipt-printer/src/clients/urql.ts: {}
receipt-printer/src/clients/urql.ts: {}
receipt-printer/src/clients/urql.ts: {}
receipt-printer/src/clients/urql.ts: {}
receipt-printer/src/clients/urql.ts: {}
receipt-printer/src/clients/urql.ts: Using EditorConfig core...
receipt-printer/src/clients/urql.ts: {}
receipt-printer/src/clients/urql.ts: {}
receipt-printer/src/clients/urql.ts: Using EditorConfig core...
receipt-printer/src/clients/urql.ts: {}
receipt-printer/node_modules/subscriptions-transport-ws/dist/client.d.ts: {}
receipt-printer/src/clients/urql.ts: {}
receipt-printer/src/clients/urql.ts: {}
receipt-printer/src/clients/urql.ts: {}
receipt-printer/src/clients/urql.ts: {}
receipt-printer/src/clients/urql.ts: Using EditorConfig core...
receipt-printer/src/screens/Orders.tsx: {}
receipt-printer/src/screens/Orders.tsx: Using EditorConfig core...
receipt-printer/src/screens/Orders.tsx: Using EditorConfig core...
receipt-printer/src/screens/Orders.tsx: Using EditorConfig core...
receipt-printer/src/screens/Orders.tsx: Using EditorConfig core...
receipt-printer/src/screens/Orders.tsx: Using EditorConfig core...
receipt-printer/src/screens/Orders.tsx: Using EditorConfig core...
receipt-printer/src/screens/Orders.tsx: {}
receipt-printer/src/screens/Orders.tsx: {}
receipt-printer/src/clients/urql.ts: {}
receipt-printer/src/clients/urql.ts: {}
receipt-printer/src/clients/urql.ts: {}
receipt-printer/src/clients/urql.ts: {}
receipt-printer/src/clients/urql.ts: {}
receipt-printer/src/clients/urql.ts: Using EditorConfig core...
receipt-printer/src/clients/urql.ts: Using EditorConfig core...
receipt-printer/src/clients/urql.ts: {}
receipt-printer/src/clients/urql.ts: {}
receipt-printer/src/clients/urql.ts: {}
receipt-printer/src/clients/urql.ts: {}
receipt-printer/src/clients/urql.ts: {}
receipt-printer/src/clients/urql.ts: {}
receipt-printer/src/clients/urql.ts: {}
receipt-printer/src/clients/urql.ts: {}
receipt-printer/src/clients/urql.ts: Using EditorConfig core...
receipt-printer/src/clients/urql.ts: Using EditorConfig core...
receipt-printer/src/screens/Orders.tsx: {}
receipt-printer/src/screens/Orders.tsx: Using EditorConfig core...
receipt-printer/src/screens/Orders.tsx: Using EditorConfig core...
receipt-printer/src/screens/Orders.tsx: Using EditorConfig core...
receipt-printer/src/screens/Orders.tsx: Using EditorConfig core...
receipt-printer/src/screens/Orders.tsx: Using EditorConfig core...
receipt-printer/src/clients/urql.ts: {}
receipt-printer/src/clients/urql.ts: Using EditorConfig core...
receipt-printer/src/clients/urql.ts: Using EditorConfig core...
receipt-printer/src/screens/Orders.tsx: {}
receipt-printer/src/screens/Orders.tsx: {}
receipt-printer/src/screens/Orders.tsx: Using EditorConfig core...
receipt-printer/src/screens/Orders.tsx: Using EditorConfig core...
receipt-printer/src/screens/Orders.tsx: Using EditorConfig core...
receipt-printer/src/screens/Orders.tsx: Using EditorConfig core...
receipt-printer/src/screens/Orders.tsx: Using EditorConfig core...
receipt-printer/src/screens/Orders.tsx: {}
receipt-printer/src/screens/Orders.tsx: {}
receipt-printer/src/screens/Orders.tsx: {}
receipt-printer/src/screens/Orders.tsx: {}
receipt-printer/src/screens/Orders.tsx: {}
receipt-printer/src/screens/Orders.tsx: {}
receipt-printer/src/screens/Orders.tsx: {}
receipt-printer/src/screens/Orders.tsx: {}
receipt-printer/src/screens/Orders.tsx: {}
receipt-printer/src/screens/Orders.tsx: Using EditorConfig core...
receipt-printer/src/screens/Orders.tsx: Using EditorConfig core...
receipt-printer/src/screens/Orders.tsx: Using EditorConfig core...
receipt-printer/src/screens/Orders.tsx: {}
receipt-printer/src/clients/urql.ts: {}
receipt-printer/src/clients/urql.ts: {}
receipt-printer/src/providers/auth.ts: {}
receipt-printer/codegen.yml: {}
receipt-printer/src/providers/urql.tsx: {}
receipt-printer/src/providers/apollo.tsx: {}
receipt-printer/src/screens/Orders.tsx: {}
receipt-printer/src/providers/auth.ts: {}
receipt-printer/src/providers/apollo.tsx: {}
receipt-printer/src/providers/apollo.tsx: {}
receipt-printer/src/providers/auth.ts: {}
receipt-printer/src/providers/apollo.tsx: {}
receipt-printer/src/providers/apollo.tsx: {}
receipt-printer/src/providers/apollo.tsx: {}
receipt-printer/src/providers/apollo.tsx: {}
receipt-printer/src/providers/apollo.tsx: {}
receipt-printer/src/providers/apollo.tsx: {}
receipt-printer/src/providers/apollo.tsx: {}
receipt-printer/src/providers/apollo.tsx: {}
receipt-printer/src/providers/apollo.tsx: {}
receipt-printer/src/providers/apollo.tsx: {}
receipt-printer/src/providers/apollo.tsx: {}
receipt-printer/src/providers/apollo.tsx: {}
receipt-printer/src/providers/apollo.tsx: {}
receipt-printer/src/providers/apollo.tsx: {}
receipt-printer/src/providers/apollo.tsx: {}
receipt-printer/src/providers/apollo.tsx: {}
receipt-printer/src/providers/apollo.tsx: {}
receipt-printer/src/providers/apollo.tsx: {}
receipt-printer/src/providers/apollo.tsx: {}
receipt-printer/src/providers/apollo.tsx: {}
receipt-printer/src/providers/auth.ts: {}
receipt-printer/src/providers/auth.ts: Using EditorConfig core...
receipt-printer/src/providers/auth.ts: Using EditorConfig core...
receipt-printer/src/providers/auth.ts: {}
receipt-printer/src/providers/auth.ts: Using EditorConfig core...
receipt-printer/src/providers/apollo.tsx: {}
receipt-printer/src/providers/auth.ts: {}
receipt-printer/src/providers/auth.ts: Using EditorConfig core...
receipt-printer/src/providers/auth.ts: Using EditorConfig core...
receipt-printer/src/providers/auth.ts: {}
receipt-printer/src/providers/auth.ts: {}
receipt-printer/src/providers/auth.ts: {}
receipt-printer/src/providers/auth.ts: {}
receipt-printer/src/providers/auth.ts: {}
receipt-printer/src/providers/auth.ts: {}
receipt-printer/src/providers/auth.ts: {}
receipt-printer/src/providers/auth.ts: {}
receipt-printer/src/providers/auth.ts: {}
receipt-printer/src/providers/auth.ts: {}
receipt-printer/src/providers/auth.ts: {}
receipt-printer/src/providers/auth.ts: {}
receipt-printer/src/providers/auth.ts: {}
receipt-printer/src/providers/auth.ts: {}
receipt-printer/src/providers/auth.ts: {}
receipt-printer/src/providers/auth.ts: {}
receipt-printer/src/providers/auth.ts: {}
receipt-printer/src/providers/auth.ts: {}
receipt-printer/src/providers/auth.ts: {}
receipt-printer/src/providers/auth.ts: {}
receipt-printer/src/providers/auth.ts: {}
receipt-printer/src/providers/auth.ts: {}
receipt-printer/src/providers/auth.ts: {}
receipt-printer/src/providers/auth.ts: {}
receipt-printer/src/providers/auth.ts: {}
receipt-printer/src/providers/auth.ts: {}
receipt-printer/src/providers/auth.ts: {}
receipt-printer/src/providers/auth.ts: {}
receipt-printer/src/providers/auth.ts: {}
receipt-printer/src/providers/auth.ts: {}
receipt-printer/src/providers/auth.ts: {}
receipt-printer/src/providers/auth.ts: {}
receipt-printer/src/providers/auth.ts: {}
receipt-printer/src/providers/auth.ts: {}
receipt-printer/src/providers/auth.ts: {}
receipt-printer/src/providers/auth.ts: {}
receipt-printer/src/providers/auth.ts: {}
